<?xml version="1.0" encoding="UTF-8"?>
<!-- Generated by org.testng.reporters.JUnitXMLReporter -->
<testsuite hostname="sanu-Latitude-5580" name="ChimpUIRegressionSmokeParallel" tests="7" failures="0" timestamp="17 Jul 2018 04:14:31 GMT" time="25.145" errors="0">
  <testcase name="isLoginbuttonpresent" time="0.05" classname="chimpPackage.VerifyAuthzerologin"/>
  <testcase name="isUsernamepresent" time="6.309" classname="chimpPackage.VerifyAuthzerologin"/>
  <testcase name="isSignupbuttonpresent" time="0.629" classname="chimpPackage.VerifyAuthzerologin"/>
  <testcase name="validateSignUpbutton" time="1.537" classname="chimpPackage.VerifyAuthzerologin"/>
  <testcase name="newUsersignup" time="12.174" classname="chimpPackage.VerifyAuthzerologin"/>
  <testcase name="loginasNewuser" time="3.479" classname="chimpPackage.VerifyAuthzerologin"/>
  <testcase name="setDrivertoHome" time="0.943" classname="chimpPackage.VerifyAuthzerologin"/>
</testsuite> <!-- ChimpUIRegressionSmokeParallel -->
