<?xml version="1.0" encoding="UTF-8"?>
<!-- Generated by org.testng.reporters.JUnitXMLReporter -->
<testsuite hostname="sanu-Latitude-5580" ignored="3" name="ChimpUISmokeTestSuiteTwo" tests="6" failures="0" timestamp="03 Aug 2018 04:46:23 GMT" time="25.923" errors="0">
  <testcase name="tc01IsLoginbuttonpresent" time="0.049" classname="chimpPackage.VerifyAuthzerologin"/>
  <testcase name="tc02IsUsernamepresent" time="4.52" classname="chimpPackage.VerifyAuthzerologin"/>
  <testcase name="tc03IsSignupbuttonpresent" time="0.769" classname="chimpPackage.VerifyAuthzerologin"/>
  <testcase name="tc04ValidateSignUpbutton" time="1.946" classname="chimpPackage.VerifyAuthzerologin"/>
  <testcase name="tc06NewUsersignup" time="12.68" classname="chimpPackage.VerifyAuthzerologin"/>
  <testcase name="tc07LoginasNewuser" time="3.609" classname="chimpPackage.VerifyAuthzerologin"/>
  <testcase name="@AfterSuite closeBrowser" time="0.0" classname="chimpPackage.ChimpBaseForParallelExecutionOne">
    <ignored/>
  </testcase> <!-- @AfterSuite closeBrowser -->
  <testcase name="tc05VerifyInvalidcredentialcombination" time="0.0" classname="chimpPackage.VerifyAuthzerologin">
    <ignored/>
  </testcase> <!-- tc05VerifyInvalidcredentialcombination -->
  <testcase name="@BeforeSuite BeforeTest" time="0.0" classname="chimpPackage.ChimpBaseForParallelExecutionOne">
    <ignored/>
  </testcase> <!-- @BeforeSuite BeforeTest -->
</testsuite> <!-- ChimpUISmokeTestSuiteTwo -->
