<?xml version="1.0" encoding="UTF-8"?>
<!-- Generated by org.testng.reporters.JUnitXMLReporter -->
<testsuite hostname="sanu-Latitude-5580" ignored="3" name="ChimpUISmokeTestSuiteTwo" tests="6" failures="0" timestamp="03 Aug 2018 12:02:56 GMT" time="40.678" errors="0">
  <testcase name="tc01IsLoginbuttonpresent" time="0.806" classname="chimpPackage.VerifyAuthzerologin"/>
  <testcase name="tc02IsUsernamepresent" time="3.373" classname="chimpPackage.VerifyAuthzerologin"/>
  <testcase name="tc03IsSignupbuttonpresent" time="2.278" classname="chimpPackage.VerifyAuthzerologin"/>
  <testcase name="tc04ValidateSignUpbutton" time="3.683" classname="chimpPackage.VerifyAuthzerologin"/>
  <testcase name="tc06NewUsersignup" time="19.828" classname="chimpPackage.VerifyAuthzerologin"/>
  <testcase name="tc07LoginasNewuser" time="7.033" classname="chimpPackage.VerifyAuthzerologin"/>
  <testcase name="@AfterSuite closeBrowser" time="0.0" classname="chimpPackage.ChimpBaseForParallelExecutionOne">
    <ignored/>
  </testcase> <!-- @AfterSuite closeBrowser -->
  <testcase name="tc05VerifyInvalidcredentialcombination" time="0.0" classname="chimpPackage.VerifyAuthzerologin">
    <ignored/>
  </testcase> <!-- tc05VerifyInvalidcredentialcombination -->
  <testcase name="@BeforeSuite BeforeTest" time="0.0" classname="chimpPackage.ChimpBaseForParallelExecutionOne">
    <ignored/>
  </testcase> <!-- @BeforeSuite BeforeTest -->
</testsuite> <!-- ChimpUISmokeTestSuiteTwo -->
