<?xml version="1.0" encoding="UTF-8"?>
<!-- Generated by org.testng.reporters.JUnitXMLReporter -->
<testsuite hostname="sanu-Latitude-5580" ignored="6" name="ChimpUISmokeTestSuiteOne" tests="19" failures="0" timestamp="02 Aug 2018 08:57:42 GMT" time="133.93" errors="0">
  <testcase name="tc01setBackUpfiles" time="0.008" classname="chimpPackage.Configuration"/>
  <testcase name="tc02setConfigurationsDelete" time="0.0" classname="chimpPackage.Configuration"/>
  <testcase name="tc02setConfigurationsDelete" time="0.0" classname="chimpPackage.Configuration"/>
  <testcase name="tc03setConfigurationsCopy" time="0.01" classname="chimpPackage.Configuration"/>
  <testcase name="tc01LogintoChimp" time="34.132" classname="chimpPackage.ChimpLogin"/>
  <testcase name="tc01ManageSettings" time="7.028" classname="chimpPackage.VerifyHeaderlinks"/>
  <testcase name="tc01ManageSettings" time="6.776" classname="chimpPackage.VerifyHeaderlinks"/>
  <testcase name="tc01ManageSettings" time="6.572" classname="chimpPackage.VerifyHeaderlinks"/>
  <testcase name="tc01ManageSettings" time="7.981" classname="chimpPackage.VerifyHeaderlinks"/>
  <testcase name="tc01ManageSettings" time="6.831" classname="chimpPackage.VerifyHeaderlinks"/>
  <testcase name="tc01ManageSettings" time="6.546" classname="chimpPackage.VerifyHeaderlinks"/>
  <testcase name="tc01ManageSettings" time="7.886" classname="chimpPackage.VerifyHeaderlinks"/>
  <testcase name="tc01ManageSettings" time="6.462" classname="chimpPackage.VerifyHeaderlinks"/>
  <testcase name="tc01ManageSettings" time="8.859" classname="chimpPackage.VerifyHeaderlinks"/>
  <testcase name="tc01ManageSettings" time="6.959" classname="chimpPackage.VerifyHeaderlinks"/>
  <testcase name="tc01ManageSettings" time="7.877" classname="chimpPackage.VerifyHeaderlinks"/>
  <testcase name="tc01ManageSettings" time="6.486" classname="chimpPackage.VerifyHeaderlinks"/>
  <testcase name="tc01ManageSettings" time="6.478" classname="chimpPackage.VerifyHeaderlinks"/>
  <testcase name="tc01LogoutFromchimp" time="4.386" classname="chimpPackage.ChimpLogout"/>
  <testcase name="@BeforeSuite BeforeTest" time="0.0" classname="chimpPackage.ChimpBaseForSequentialExecution">
    <ignored/>
  </testcase> <!-- @BeforeSuite BeforeTest -->
  <testcase name="@BeforeSuite BeforeTest" time="0.0" classname="chimpPackage.ChimpBaseForSequentialExecution">
    <ignored/>
  </testcase> <!-- @BeforeSuite BeforeTest -->
  <testcase name="@BeforeSuite BeforeTest" time="0.0" classname="chimpPackage.ChimpBaseForSequentialExecution">
    <ignored/>
  </testcase> <!-- @BeforeSuite BeforeTest -->
  <testcase name="@AfterSuite closeBrowser" time="0.0" classname="chimpPackage.ChimpBaseForSequentialExecution">
    <ignored/>
  </testcase> <!-- @AfterSuite closeBrowser -->
  <testcase name="@AfterSuite closeBrowser" time="0.0" classname="chimpPackage.ChimpBaseForSequentialExecution">
    <ignored/>
  </testcase> <!-- @AfterSuite closeBrowser -->
  <testcase name="@AfterSuite closeBrowser" time="0.0" classname="chimpPackage.ChimpBaseForSequentialExecution">
    <ignored/>
  </testcase> <!-- @AfterSuite closeBrowser -->
</testsuite> <!-- ChimpUISmokeTestSuiteOne -->
