<?xml version="1.0" encoding="UTF-8"?>
<!-- Generated by org.testng.reporters.JUnitXMLReporter -->
<testsuite hostname="sanu-Latitude-5580" ignored="3" name="ChimpUIRegressionSmokeParallel" tests="7" failures="0" timestamp="19 Jul 2018 16:19:25 GMT" time="30.776" errors="0">
  <testcase name="tc01isLoginbuttonpresent" time="0.057" classname="chimpPackage.VerifyAuthzerologin"/>
  <testcase name="tc02isUsernamepresent" time="2.85" classname="chimpPackage.VerifyAuthzerologin"/>
  <testcase name="tc03isSignupbuttonpresent" time="0.619" classname="chimpPackage.VerifyAuthzerologin"/>
  <testcase name="tc04validateSignUpbutton" time="1.778" classname="chimpPackage.VerifyAuthzerologin"/>
  <testcase name="tc06newUsersignup" time="19.094" classname="chimpPackage.VerifyAuthzerologin"/>
  <testcase name="tc07loginasNewuser" time="4.066" classname="chimpPackage.VerifyAuthzerologin"/>
  <testcase name="tc08setDrivertoHome" time="2.278" classname="chimpPackage.VerifyAuthzerologin"/>
  <testcase name="@BeforeSuite BeforeTest" time="0.0" classname="chimpPackage.ChimpBaseForParallelLoginScenarios">
    <ignored/>
  </testcase> <!-- @BeforeSuite BeforeTest -->
  <testcase name="@AfterSuite closeBrowser" time="0.0" classname="chimpPackage.ChimpBaseForParallelLoginScenarios">
    <ignored/>
  </testcase> <!-- @AfterSuite closeBrowser -->
  <testcase name="tc05verifyInvalidcredentialcombination" time="0.0" classname="chimpPackage.VerifyAuthzerologin">
    <ignored/>
  </testcase> <!-- tc05verifyInvalidcredentialcombination -->
</testsuite> <!-- ChimpUIRegressionSmokeParallel -->
