<?xml version="1.0" encoding="UTF-8"?>
<!-- Generated by org.testng.reporters.JUnitXMLReporter -->
<testsuite hostname="sanu-Latitude-5580" ignored="6" name="ChimpUISmokeTestSuiteOne" tests="19" failures="0" timestamp="03 Aug 2018 04:47:37 GMT" time="100.217" errors="0">
  <testcase name="tc01setBackUpfiles" time="0.006" classname="chimpPackage.Configuration"/>
  <testcase name="tc02setConfigurationsDelete" time="0.0" classname="chimpPackage.Configuration"/>
  <testcase name="tc02setConfigurationsDelete" time="0.0" classname="chimpPackage.Configuration"/>
  <testcase name="tc03setConfigurationsCopy" time="0.009" classname="chimpPackage.Configuration"/>
  <testcase name="tc01LogintoChimp" time="19.646" classname="chimpPackage.ChimpLogin"/>
  <testcase name="tc01ManageSettings" time="5.206" classname="chimpPackage.VerifyHeaderlinks"/>
  <testcase name="tc01ManageSettings" time="5.408" classname="chimpPackage.VerifyHeaderlinks"/>
  <testcase name="tc01ManageSettings" time="5.235" classname="chimpPackage.VerifyHeaderlinks"/>
  <testcase name="tc01ManageSettings" time="5.806" classname="chimpPackage.VerifyHeaderlinks"/>
  <testcase name="tc01ManageSettings" time="5.214" classname="chimpPackage.VerifyHeaderlinks"/>
  <testcase name="tc01ManageSettings" time="5.533" classname="chimpPackage.VerifyHeaderlinks"/>
  <testcase name="tc01ManageSettings" time="5.456" classname="chimpPackage.VerifyHeaderlinks"/>
  <testcase name="tc01ManageSettings" time="5.625" classname="chimpPackage.VerifyHeaderlinks"/>
  <testcase name="tc01ManageSettings" time="6.571" classname="chimpPackage.VerifyHeaderlinks"/>
  <testcase name="tc01ManageSettings" time="5.362" classname="chimpPackage.VerifyHeaderlinks"/>
  <testcase name="tc01ManageSettings" time="5.401" classname="chimpPackage.VerifyHeaderlinks"/>
  <testcase name="tc01ManageSettings" time="5.167" classname="chimpPackage.VerifyHeaderlinks"/>
  <testcase name="tc01ManageSettings" time="5.55" classname="chimpPackage.VerifyHeaderlinks"/>
  <testcase name="tc01LogoutFromchimp" time="5.439" classname="chimpPackage.ChimpLogout"/>
  <testcase name="@BeforeSuite BeforeTest" time="0.0" classname="chimpPackage.ChimpBaseForSequentialExecution">
    <ignored/>
  </testcase> <!-- @BeforeSuite BeforeTest -->
  <testcase name="@BeforeSuite BeforeTest" time="0.0" classname="chimpPackage.ChimpBaseForSequentialExecution">
    <ignored/>
  </testcase> <!-- @BeforeSuite BeforeTest -->
  <testcase name="@BeforeSuite BeforeTest" time="0.0" classname="chimpPackage.ChimpBaseForSequentialExecution">
    <ignored/>
  </testcase> <!-- @BeforeSuite BeforeTest -->
  <testcase name="@AfterSuite closeBrowser" time="0.0" classname="chimpPackage.ChimpBaseForSequentialExecution">
    <ignored/>
  </testcase> <!-- @AfterSuite closeBrowser -->
  <testcase name="@AfterSuite closeBrowser" time="0.0" classname="chimpPackage.ChimpBaseForSequentialExecution">
    <ignored/>
  </testcase> <!-- @AfterSuite closeBrowser -->
  <testcase name="@AfterSuite closeBrowser" time="0.0" classname="chimpPackage.ChimpBaseForSequentialExecution">
    <ignored/>
  </testcase> <!-- @AfterSuite closeBrowser -->
</testsuite> <!-- ChimpUISmokeTestSuiteOne -->
