<?xml version="1.0" encoding="UTF-8"?>
<!-- Generated by org.testng.reporters.JUnitXMLReporter -->
<testsuite hostname="sanu-Latitude-5580" ignored="6" name="ChimpUIRegressionSmokeSequential" tests="15" failures="0" timestamp="19 Jul 2018 16:20:06 GMT" time="72.524" errors="0">
  <testcase name="tc01verifyLogin" time="18.986" classname="chimpPackage.ChimpLogin"/>
  <testcase name="tc01accountSettingslink" time="4.091" classname="chimpPackage.VerifyHeaderlinks"/>
  <testcase name="tc02taxReceiptlink" time="3.675" classname="chimpPackage.VerifyHeaderlinks"/>
  <testcase name="tc03givingToolslink" time="3.684" classname="chimpPackage.VerifyHeaderlinks"/>
  <testcase name="tc04dwarfRabitlink" time="4.809" classname="chimpPackage.VerifyHeaderlinks"/>
  <testcase name="tc05piggyRescuelink" time="3.986" classname="chimpPackage.VerifyHeaderlinks"/>
  <testcase name="tc06bunnyBuddieslink" time="3.999" classname="chimpPackage.VerifyHeaderlinks"/>
  <testcase name="tc07potBellylink" time="4.031" classname="chimpPackage.VerifyHeaderlinks"/>
  <testcase name="tc08flopEarlink" time="3.729" classname="chimpPackage.VerifyHeaderlinks"/>
  <testcase name="tc09athiestalmlink" time="4.467" classname="chimpPackage.VerifyHeaderlinks"/>
  <testcase name="tc10foodBankslink" time="4.641" classname="chimpPackage.VerifyHeaderlinks"/>
  <testcase name="tc11cleanWaterlink" time="3.94" classname="chimpPackage.VerifyHeaderlinks"/>
  <testcase name="tc12justiceforPo" time="3.982" classname="chimpPackage.VerifyHeaderlinks"/>
  <testcase name="tc13setDrivertoHome" time="1.957" classname="chimpPackage.VerifyHeaderlinks"/>
  <testcase name="tc01logoutFromchimp" time="2.469" classname="chimpPackage.ChimpLogout"/>
  <testcase name="@BeforeSuite BeforeTest" time="0.0" classname="chimpPackage.ChimpBaseForSequentialExecution">
    <ignored/>
  </testcase> <!-- @BeforeSuite BeforeTest -->
  <testcase name="@BeforeSuite BeforeTest" time="0.0" classname="chimpPackage.ChimpBaseForSequentialExecution">
    <ignored/>
  </testcase> <!-- @BeforeSuite BeforeTest -->
  <testcase name="@BeforeSuite BeforeTest" time="0.0" classname="chimpPackage.ChimpBaseForSequentialExecution">
    <ignored/>
  </testcase> <!-- @BeforeSuite BeforeTest -->
  <testcase name="@AfterSuite closeBrowser" time="0.0" classname="chimpPackage.ChimpBaseForSequentialExecution">
    <ignored/>
  </testcase> <!-- @AfterSuite closeBrowser -->
  <testcase name="@AfterSuite closeBrowser" time="0.0" classname="chimpPackage.ChimpBaseForSequentialExecution">
    <ignored/>
  </testcase> <!-- @AfterSuite closeBrowser -->
  <testcase name="@AfterSuite closeBrowser" time="0.0" classname="chimpPackage.ChimpBaseForSequentialExecution">
    <ignored/>
  </testcase> <!-- @AfterSuite closeBrowser -->
</testsuite> <!-- ChimpUIRegressionSmokeSequential -->
